<?xml version="1.0" encoding="UTF-8"?>
<testsuite xmlns:xsi="http://www.w3.org/2001/XMLSchema-instance" xsi:noNamespaceSchemaLocation="https://maven.apache.org/surefire/maven-surefire-plugin/xsd/surefire-test-report-3.0.xsd" version="3.0" name="TestSuites.Example_TestTypeFullTest" time="23.548" tests="1" errors="0" skipped="0" failures="0">
  <properties>
    <property name="sun.desktop" value="windows"/>
    <property name="awt.toolkit" value="sun.awt.windows.WToolkit"/>
    <property name="java.specification.version" value="11"/>
    <property name="webdriver.chrome.driver" value="C:\Users\Qualis Talent\.m2\repository\webdriver\chromedriver\win32\95.0.4638.17\chromedriver.exe"/>
    <property name="sun.cpu.isalist" value="amd64"/>
    <property name="sun.jnu.encoding" value="Cp1252"/>
    <property name="java.class.path" value="C:\Users\Qualis Talent\eclipse-workspace\DemoFer\target\test-classes;C:\Users\Qualis Talent\eclipse-workspace\DemoFer\target\classes;C:\Users\Qualis Talent\.m2\repository\com\googlecode\json-simple\json-simple\1.1.1\json-simple-1.1.1.jar;C:\Users\Qualis Talent\.m2\repository\junit\junit\4.10\junit-4.10.jar;C:\Users\Qualis Talent\.m2\repository\org\hamcrest\hamcrest-core\1.1\hamcrest-core-1.1.jar;C:\Users\Qualis Talent\.m2\repository\org\apache\poi\poi\4.1.2\poi-4.1.2.jar;C:\Users\Qualis Talent\.m2\repository\commons-codec\commons-codec\1.13\commons-codec-1.13.jar;C:\Users\Qualis Talent\.m2\repository\org\apache\commons\commons-collections4\4.4\commons-collections4-4.4.jar;C:\Users\Qualis Talent\.m2\repository\org\apache\commons\commons-math3\3.6.1\commons-math3-3.6.1.jar;C:\Users\Qualis Talent\.m2\repository\com\zaxxer\SparseBitSet\1.2\SparseBitSet-1.2.jar;C:\Users\Qualis Talent\.m2\repository\org\apache\poi\poi-ooxml\4.1.2\poi-ooxml-4.1.2.jar;C:\Users\Qualis Talent\.m2\repository\org\apache\poi\poi-ooxml-schemas\4.1.2\poi-ooxml-schemas-4.1.2.jar;C:\Users\Qualis Talent\.m2\repository\org\apache\xmlbeans\xmlbeans\3.1.0\xmlbeans-3.1.0.jar;C:\Users\Qualis Talent\.m2\repository\org\apache\commons\commons-compress\1.19\commons-compress-1.19.jar;C:\Users\Qualis Talent\.m2\repository\com\github\virtuald\curvesapi\1.06\curvesapi-1.06.jar;C:\Users\Qualis Talent\.m2\repository\commons-io\commons-io\2.6\commons-io-2.6.jar;C:\Users\Qualis Talent\.m2\repository\org\seleniumhq\selenium\selenium-java\3.141.59\selenium-java-3.141.59.jar;C:\Users\Qualis Talent\.m2\repository\org\seleniumhq\selenium\selenium-api\3.141.59\selenium-api-3.141.59.jar;C:\Users\Qualis Talent\.m2\repository\org\seleniumhq\selenium\selenium-chrome-driver\3.141.59\selenium-chrome-driver-3.141.59.jar;C:\Users\Qualis Talent\.m2\repository\org\seleniumhq\selenium\selenium-edge-driver\3.141.59\selenium-edge-driver-3.141.59.jar;C:\Users\Qualis Talent\.m2\repository\org\seleniumhq\selenium\selenium-firefox-driver\3.141.59\selenium-firefox-driver-3.141.59.jar;C:\Users\Qualis Talent\.m2\repository\org\seleniumhq\selenium\selenium-ie-driver\3.141.59\selenium-ie-driver-3.141.59.jar;C:\Users\Qualis Talent\.m2\repository\org\seleniumhq\selenium\selenium-opera-driver\3.141.59\selenium-opera-driver-3.141.59.jar;C:\Users\Qualis Talent\.m2\repository\org\seleniumhq\selenium\selenium-remote-driver\3.141.59\selenium-remote-driver-3.141.59.jar;C:\Users\Qualis Talent\.m2\repository\org\seleniumhq\selenium\selenium-safari-driver\3.141.59\selenium-safari-driver-3.141.59.jar;C:\Users\Qualis Talent\.m2\repository\org\seleniumhq\selenium\selenium-support\3.141.59\selenium-support-3.141.59.jar;C:\Users\Qualis Talent\.m2\repository\net\bytebuddy\byte-buddy\1.8.15\byte-buddy-1.8.15.jar;C:\Users\Qualis Talent\.m2\repository\org\apache\commons\commons-exec\1.3\commons-exec-1.3.jar;C:\Users\Qualis Talent\.m2\repository\com\google\guava\guava\25.0-jre\guava-25.0-jre.jar;C:\Users\Qualis Talent\.m2\repository\com\google\code\findbugs\jsr305\1.3.9\jsr305-1.3.9.jar;C:\Users\Qualis Talent\.m2\repository\org\checkerframework\checker-compat-qual\2.0.0\checker-compat-qual-2.0.0.jar;C:\Users\Qualis Talent\.m2\repository\com\google\errorprone\error_prone_annotations\2.1.3\error_prone_annotations-2.1.3.jar;C:\Users\Qualis Talent\.m2\repository\com\google\j2objc\j2objc-annotations\1.1\j2objc-annotations-1.1.jar;C:\Users\Qualis Talent\.m2\repository\org\codehaus\mojo\animal-sniffer-annotations\1.14\animal-sniffer-annotations-1.14.jar;C:\Users\Qualis Talent\.m2\repository\com\squareup\okhttp3\okhttp\3.11.0\okhttp-3.11.0.jar;C:\Users\Qualis Talent\.m2\repository\com\squareup\okio\okio\1.14.0\okio-1.14.0.jar;C:\Users\Qualis Talent\.m2\repository\io\github\bonigarcia\webdrivermanager\4.1.0\webdrivermanager-4.1.0.jar;C:\Users\Qualis Talent\.m2\repository\org\slf4j\slf4j-api\1.7.30\slf4j-api-1.7.30.jar;C:\Users\Qualis Talent\.m2\repository\com\google\code\gson\gson\2.8.6\gson-2.8.6.jar;C:\Users\Qualis Talent\.m2\repository\org\apache\commons\commons-lang3\3.10\commons-lang3-3.10.jar;C:\Users\Qualis Talent\.m2\repository\org\apache\httpcomponents\client5\httpclient5\5.0.1\httpclient5-5.0.1.jar;C:\Users\Qualis Talent\.m2\repository\org\apache\httpcomponents\core5\httpcore5\5.0.1\httpcore5-5.0.1.jar;C:\Users\Qualis Talent\.m2\repository\org\apache\httpcomponents\core5\httpcore5-h2\5.0.1\httpcore5-h2-5.0.1.jar;C:\Users\Qualis Talent\.m2\repository\org\rauschig\jarchivelib\1.0.0\jarchivelib-1.0.0.jar;C:\Users\Qualis Talent\.m2\repository\org\jsoup\jsoup\1.13.1\jsoup-1.13.1.jar;C:\Users\Qualis Talent\.m2\repository\org\apache\jmeter\ApacheJMeter_core\5.3\ApacheJMeter_core-5.3.jar;C:\Users\Qualis Talent\.m2\repository\org\apache\jmeter\ApacheJMeter\5.3\ApacheJMeter-5.3.jar;C:\Users\Qualis Talent\.m2\repository\org\apache\jmeter\jorphan\5.3\jorphan-5.3.jar;C:\Users\Qualis Talent\.m2\repository\bsf\bsf\2.4.0\bsf-2.4.0.jar;C:\Users\Qualis Talent\.m2\repository\commons-logging\commons-logging\1.0.4\commons-logging-1.0.4.jar;C:\Users\Qualis Talent\.m2\repository\com\fifesoft\rsyntaxtextarea\3.1.0\rsyntaxtextarea-3.1.0.jar;C:\Users\Qualis Talent\.m2\repository\net\sf\jtidy\jtidy\r938\jtidy-r938.jar;C:\Users\Qualis Talent\.m2\repository\com\thoughtworks\xstream\xstream\1.4.11.1\xstream-1.4.11.1.jar;C:\Users\Qualis Talent\.m2\repository\xmlpull\xmlpull\1.1.3.1\xmlpull-1.1.3.1.jar;C:\Users\Qualis Talent\.m2\repository\xpp3\xpp3_min\1.1.4c\xpp3_min-1.1.4c.jar;C:\Users\Qualis Talent\.m2\repository\org\apache\logging\log4j\log4j-1.2-api\2.13.1\log4j-1.2-api-2.13.1.jar;C:\Users\Qualis Talent\.m2\repository\org\apache\logging\log4j\log4j-api\2.13.1\log4j-api-2.13.1.jar;C:\Users\Qualis Talent\.m2\repository\org\apache\logging\log4j\log4j-core\2.13.1\log4j-core-2.13.1.jar;C:\Users\Qualis Talent\.m2\repository\org\apache\logging\log4j\log4j-slf4j-impl\2.13.1\log4j-slf4j-impl-2.13.1.jar;C:\Users\Qualis Talent\.m2\repository\org\apiguardian\apiguardian-api\1.1.0\apiguardian-api-1.1.0.jar;C:\Users\Qualis Talent\.m2\repository\oro\oro\2.0.8\oro-2.0.8.jar;C:\Users\Qualis Talent\.m2\repository\xalan\xalan\2.7.2\xalan-2.7.2.jar;C:\Users\Qualis Talent\.m2\repository\xalan\serializer\2.7.2\serializer-2.7.2.jar;C:\Users\Qualis Talent\.m2\repository\net\sf\saxon\Saxon-HE\9.9.1-7\Saxon-HE-9.9.1-7.jar;C:\Users\Qualis Talent\.m2\repository\com\fasterxml\jackson\core\jackson-annotations\2.10.3\jackson-annotations-2.10.3.jar;C:\Users\Qualis Talent\.m2\repository\com\fasterxml\jackson\core\jackson-core\2.10.3\jackson-core-2.10.3.jar;C:\Users\Qualis Talent\.m2\repository\com\fasterxml\jackson\core\jackson-databind\2.10.3\jackson-databind-2.10.3.jar;C:\Users\Qualis Talent\.m2\repository\com\formdev\svgSalamander\1.1.2.1\svgSalamander-1.1.2.1.jar;C:\Users\Qualis Talent\.m2\repository\com\github\ben-manes\caffeine\caffeine\2.8.0\caffeine-2.8.0.jar;C:\Users\Qualis Talent\.m2\repository\org\checkerframework\checker-qual\2.10.0\checker-qual-2.10.0.jar;C:\Users\Qualis Talent\.m2\repository\com\github\weisj\darklaf-core\2.1.1\darklaf-core-2.1.1.jar;C:\Users\Qualis Talent\.m2\repository\com\github\weisj\darklaf-native-utils\2.1.1\darklaf-native-utils-2.1.1.jar;C:\Users\Qualis Talent\.m2\repository\com\github\weisj\darklaf-utils\2.1.1\darklaf-utils-2.1.1.jar;C:\Users\Qualis Talent\.m2\repository\com\github\weisj\darklaf-platform-base\2.1.1\darklaf-platform-base-2.1.1.jar;C:\Users\Qualis Talent\.m2\repository\com\github\weisj\darklaf-windows\2.1.1\darklaf-windows-2.1.1.jar;C:\Users\Qualis Talent\.m2\repository\net\java\dev\jna\jna\5.5.0\jna-5.5.0.jar;C:\Users\Qualis Talent\.m2\repository\com\github\weisj\darklaf-macos\2.1.1\darklaf-macos-2.1.1.jar;C:\Users\Qualis Talent\.m2\repository\org\swinglabs\jxlayer\3.0.4\jxlayer-3.0.4.jar;C:\Users\Qualis Talent\.m2\repository\com\github\weisj\darklaf-theme\2.1.1\darklaf-theme-2.1.1.jar;C:\Users\Qualis Talent\.m2\repository\com\github\weisj\darklaf-property-loader\2.1.1\darklaf-property-loader-2.1.1.jar;C:\Users\Qualis Talent\.m2\repository\com\miglayout\miglayout-swing\5.2\miglayout-swing-5.2.jar;C:\Users\Qualis Talent\.m2\repository\com\miglayout\miglayout-core\5.2\miglayout-core-5.2.jar;C:\Users\Qualis Talent\.m2\repository\commons-collections\commons-collections\3.2.2\commons-collections-3.2.2.jar;C:\Users\Qualis Talent\.m2\repository\org\apache\commons\commons-text\1.8\commons-text-1.8.jar;C:\Users\Qualis Talent\.m2\repository\org\apache\tika\tika-core\1.24.1\tika-core-1.24.1.jar;C:\Users\Qualis Talent\.m2\repository\org\apache\xmlgraphics\xmlgraphics-commons\2.3\xmlgraphics-commons-2.3.jar;C:\Users\Qualis Talent\.m2\repository\org\freemarker\freemarker\2.3.30\freemarker-2.3.30.jar;C:\Users\Qualis Talent\.m2\repository\org\jodd\jodd-core\5.0.13\jodd-core-5.0.13.jar;C:\Users\Qualis Talent\.m2\repository\org\jodd\jodd-props\5.0.13\jodd-props-5.0.13.jar;C:\Users\Qualis Talent\.m2\repository\org\mozilla\rhino\1.7.12\rhino-1.7.12.jar;C:\Users\Qualis Talent\.m2\repository\org\slf4j\jcl-over-slf4j\1.7.30\jcl-over-slf4j-1.7.30.jar;C:\Users\Qualis Talent\.m2\repository\org\codehaus\groovy\groovy\3.0.3\groovy-3.0.3.jar;C:\Users\Qualis Talent\.m2\repository\org\codehaus\groovy\groovy-datetime\3.0.3\groovy-datetime-3.0.3.jar;C:\Users\Qualis Talent\.m2\repository\org\codehaus\groovy\groovy-jmx\3.0.3\groovy-jmx-3.0.3.jar;C:\Users\Qualis Talent\.m2\repository\org\codehaus\groovy\groovy-json\3.0.3\groovy-json-3.0.3.jar;C:\Users\Qualis Talent\.m2\repository\org\codehaus\groovy\groovy-jsr223\3.0.3\groovy-jsr223-3.0.3.jar;C:\Users\Qualis Talent\.m2\repository\org\codehaus\groovy\groovy-sql\3.0.3\groovy-sql-3.0.3.jar;C:\Users\Qualis Talent\.m2\repository\org\codehaus\groovy\groovy-templates\3.0.3\groovy-templates-3.0.3.jar;C:\Users\Qualis Talent\.m2\repository\org\codehaus\groovy\groovy-xml\3.0.3\groovy-xml-3.0.3.jar;C:\Users\Qualis Talent\.m2\repository\org\apache\tika\tika-parsers\1.24.1\tika-parsers-1.24.1.jar;C:\Users\Qualis Talent\.m2\repository\xerces\xercesImpl\2.12.0\xercesImpl-2.12.0.jar;C:\Users\Qualis Talent\.m2\repository\xml-apis\xml-apis\1.4.01\xml-apis-1.4.01.jar;C:\Users\Qualis Talent\.m2\repository\org\apache\jmeter\ApacheJMeter_http\5.3\ApacheJMeter_http-5.3.jar;C:\Users\Qualis Talent\.m2\repository\org\apache\jmeter\ApacheJMeter_components\5.3\ApacheJMeter_components-5.3.jar;C:\Users\Qualis Talent\.m2\repository\org\apache-extras\beanshell\bsh\2.0b6\bsh-2.0b6.jar;C:\Users\Qualis Talent\.m2\repository\javax\mail\mail\1.5.0-b01\mail-1.5.0-b01.jar;C:\Users\Qualis Talent\.m2\repository\io\burt\jmespath-core\0.5.0\jmespath-core-0.5.0.jar;C:\Users\Qualis Talent\.m2\repository\io\burt\jmespath-jackson\0.5.0\jmespath-jackson-0.5.0.jar;C:\Users\Qualis Talent\.m2\repository\jcharts\jcharts\0.7.5\jcharts-0.7.5.jar;C:\Users\Qualis Talent\.m2\repository\net\minidev\json-smart\2.3\json-smart-2.3.jar;C:\Users\Qualis Talent\.m2\repository\net\minidev\accessors-smart\1.2\accessors-smart-1.2.jar;C:\Users\Qualis Talent\.m2\repository\org\apache\commons\commons-pool2\2.8.0\commons-pool2-2.8.0.jar;C:\Users\Qualis Talent\.m2\repository\org\ow2\asm\asm\7.3.1\asm-7.3.1.jar;C:\Users\Qualis Talent\.m2\repository\org\jodd\jodd-log\5.0.13\jodd-log-5.0.13.jar;C:\Users\Qualis Talent\.m2\repository\com\jayway\jsonpath\json-path\2.4.0\json-path-2.4.0.jar;C:\Users\Qualis Talent\.m2\repository\org\apache\httpcomponents\httpasyncclient\4.1.4\httpasyncclient-4.1.4.jar;C:\Users\Qualis Talent\.m2\repository\org\apache\httpcomponents\httpcore-nio\4.4.13\httpcore-nio-4.4.13.jar;C:\Users\Qualis Talent\.m2\repository\com\sun\activation\javax.activation\1.2.0\javax.activation-1.2.0.jar;C:\Users\Qualis Talent\.m2\repository\org\jodd\jodd-lagarto\5.0.13\jodd-lagarto-5.0.13.jar;C:\Users\Qualis Talent\.m2\repository\commons-net\commons-net\3.6\commons-net-3.6.jar;C:\Users\Qualis Talent\.m2\repository\com\helger\ph-commons\9.4.1\ph-commons-9.4.1.jar;C:\Users\Qualis Talent\.m2\repository\com\helger\ph-css\6.2.2\ph-css-6.2.2.jar;C:\Users\Qualis Talent\.m2\repository\dnsjava\dnsjava\2.1.9\dnsjava-2.1.9.jar;C:\Users\Qualis Talent\.m2\repository\org\apache\httpcomponents\httpmime\4.5.12\httpmime-4.5.12.jar;C:\Users\Qualis Talent\.m2\repository\org\apache\httpcomponents\httpclient\4.5.12\httpclient-4.5.12.jar;C:\Users\Qualis Talent\.m2\repository\org\apache\httpcomponents\httpcore\4.4.13\httpcore-4.4.13.jar;C:\Users\Qualis Talent\.m2\repository\org\brotli\dec\0.1.2\dec-0.1.2.jar;C:\Users\Qualis Talent\.m2\repository\org\junit\jupiter\junit-jupiter\5.6.2\junit-jupiter-5.6.2.jar;C:\Users\Qualis Talent\.m2\repository\org\junit\jupiter\junit-jupiter-api\5.6.2\junit-jupiter-api-5.6.2.jar;C:\Users\Qualis Talent\.m2\repository\org\opentest4j\opentest4j\1.2.0\opentest4j-1.2.0.jar;C:\Users\Qualis Talent\.m2\repository\org\junit\platform\junit-platform-commons\1.6.2\junit-platform-commons-1.6.2.jar;C:\Users\Qualis Talent\.m2\repository\org\junit\jupiter\junit-jupiter-params\5.6.2\junit-jupiter-params-5.6.2.jar;C:\Users\Qualis Talent\.m2\repository\org\junit\jupiter\junit-jupiter-engine\5.6.2\junit-jupiter-engine-5.6.2.jar;C:\Users\Qualis Talent\.m2\repository\org\junit\platform\junit-platform-engine\1.6.2\junit-platform-engine-1.6.2.jar;C:\Users\Qualis Talent\eclipse-workspace\DemoFer\Resources\Driver\CentaJavaCore.jar;"/>
    <property name="java.vm.vendor" value="Oracle Corporation"/>
    <property name="sun.arch.data.model" value="64"/>
    <property name="user.variant" value=""/>
    <property name="java.vendor.url" value="https://openjdk.java.net/"/>
    <property name="user.timezone" value="America/Buenos_Aires"/>
    <property name="java.vm.specification.version" value="11"/>
    <property name="os.name" value="Windows 10"/>
    <property name="sun.java.launcher" value="SUN_STANDARD"/>
    <property name="user.country" value="ES"/>
    <property name="sun.boot.library.path" value="C:\Program Files\Java\jdk-11.0.10\bin"/>
    <property name="sun.java.command" value="C:\Users\Qualis Talent\AppData\Local\Temp\surefire1900723051188300099\surefirebooter7237815876218228395.jar C:\Users\Qualis Talent\AppData\Local\Temp\surefire1900723051188300099 2021-10-28T11-11-00_298-jvmRun1 surefire750008994267495794tmp surefire_013864214755608739249tmp"/>
    <property name="jdk.debug" value="release"/>
    <property name="surefire.test.class.path" value="C:\Users\Qualis Talent\eclipse-workspace\DemoFer\target\test-classes;C:\Users\Qualis Talent\eclipse-workspace\DemoFer\target\classes;C:\Users\Qualis Talent\.m2\repository\com\googlecode\json-simple\json-simple\1.1.1\json-simple-1.1.1.jar;C:\Users\Qualis Talent\.m2\repository\junit\junit\4.10\junit-4.10.jar;C:\Users\Qualis Talent\.m2\repository\org\hamcrest\hamcrest-core\1.1\hamcrest-core-1.1.jar;C:\Users\Qualis Talent\.m2\repository\org\apache\poi\poi\4.1.2\poi-4.1.2.jar;C:\Users\Qualis Talent\.m2\repository\commons-codec\commons-codec\1.13\commons-codec-1.13.jar;C:\Users\Qualis Talent\.m2\repository\org\apache\commons\commons-collections4\4.4\commons-collections4-4.4.jar;C:\Users\Qualis Talent\.m2\repository\org\apache\commons\commons-math3\3.6.1\commons-math3-3.6.1.jar;C:\Users\Qualis Talent\.m2\repository\com\zaxxer\SparseBitSet\1.2\SparseBitSet-1.2.jar;C:\Users\Qualis Talent\.m2\repository\org\apache\poi\poi-ooxml\4.1.2\poi-ooxml-4.1.2.jar;C:\Users\Qualis Talent\.m2\repository\org\apache\poi\poi-ooxml-schemas\4.1.2\poi-ooxml-schemas-4.1.2.jar;C:\Users\Qualis Talent\.m2\repository\org\apache\xmlbeans\xmlbeans\3.1.0\xmlbeans-3.1.0.jar;C:\Users\Qualis Talent\.m2\repository\org\apache\commons\commons-compress\1.19\commons-compress-1.19.jar;C:\Users\Qualis Talent\.m2\repository\com\github\virtuald\curvesapi\1.06\curvesapi-1.06.jar;C:\Users\Qualis Talent\.m2\repository\commons-io\commons-io\2.6\commons-io-2.6.jar;C:\Users\Qualis Talent\.m2\repository\org\seleniumhq\selenium\selenium-java\3.141.59\selenium-java-3.141.59.jar;C:\Users\Qualis Talent\.m2\repository\org\seleniumhq\selenium\selenium-api\3.141.59\selenium-api-3.141.59.jar;C:\Users\Qualis Talent\.m2\repository\org\seleniumhq\selenium\selenium-chrome-driver\3.141.59\selenium-chrome-driver-3.141.59.jar;C:\Users\Qualis Talent\.m2\repository\org\seleniumhq\selenium\selenium-edge-driver\3.141.59\selenium-edge-driver-3.141.59.jar;C:\Users\Qualis Talent\.m2\repository\org\seleniumhq\selenium\selenium-firefox-driver\3.141.59\selenium-firefox-driver-3.141.59.jar;C:\Users\Qualis Talent\.m2\repository\org\seleniumhq\selenium\selenium-ie-driver\3.141.59\selenium-ie-driver-3.141.59.jar;C:\Users\Qualis Talent\.m2\repository\org\seleniumhq\selenium\selenium-opera-driver\3.141.59\selenium-opera-driver-3.141.59.jar;C:\Users\Qualis Talent\.m2\repository\org\seleniumhq\selenium\selenium-remote-driver\3.141.59\selenium-remote-driver-3.141.59.jar;C:\Users\Qualis Talent\.m2\repository\org\seleniumhq\selenium\selenium-safari-driver\3.141.59\selenium-safari-driver-3.141.59.jar;C:\Users\Qualis Talent\.m2\repository\org\seleniumhq\selenium\selenium-support\3.141.59\selenium-support-3.141.59.jar;C:\Users\Qualis Talent\.m2\repository\net\bytebuddy\byte-buddy\1.8.15\byte-buddy-1.8.15.jar;C:\Users\Qualis Talent\.m2\repository\org\apache\commons\commons-exec\1.3\commons-exec-1.3.jar;C:\Users\Qualis Talent\.m2\repository\com\google\guava\guava\25.0-jre\guava-25.0-jre.jar;C:\Users\Qualis Talent\.m2\repository\com\google\code\findbugs\jsr305\1.3.9\jsr305-1.3.9.jar;C:\Users\Qualis Talent\.m2\repository\org\checkerframework\checker-compat-qual\2.0.0\checker-compat-qual-2.0.0.jar;C:\Users\Qualis Talent\.m2\repository\com\google\errorprone\error_prone_annotations\2.1.3\error_prone_annotations-2.1.3.jar;C:\Users\Qualis Talent\.m2\repository\com\google\j2objc\j2objc-annotations\1.1\j2objc-annotations-1.1.jar;C:\Users\Qualis Talent\.m2\repository\org\codehaus\mojo\animal-sniffer-annotations\1.14\animal-sniffer-annotations-1.14.jar;C:\Users\Qualis Talent\.m2\repository\com\squareup\okhttp3\okhttp\3.11.0\okhttp-3.11.0.jar;C:\Users\Qualis Talent\.m2\repository\com\squareup\okio\okio\1.14.0\okio-1.14.0.jar;C:\Users\Qualis Talent\.m2\repository\io\github\bonigarcia\webdrivermanager\4.1.0\webdrivermanager-4.1.0.jar;C:\Users\Qualis Talent\.m2\repository\org\slf4j\slf4j-api\1.7.30\slf4j-api-1.7.30.jar;C:\Users\Qualis Talent\.m2\repository\com\google\code\gson\gson\2.8.6\gson-2.8.6.jar;C:\Users\Qualis Talent\.m2\repository\org\apache\commons\commons-lang3\3.10\commons-lang3-3.10.jar;C:\Users\Qualis Talent\.m2\repository\org\apache\httpcomponents\client5\httpclient5\5.0.1\httpclient5-5.0.1.jar;C:\Users\Qualis Talent\.m2\repository\org\apache\httpcomponents\core5\httpcore5\5.0.1\httpcore5-5.0.1.jar;C:\Users\Qualis Talent\.m2\repository\org\apache\httpcomponents\core5\httpcore5-h2\5.0.1\httpcore5-h2-5.0.1.jar;C:\Users\Qualis Talent\.m2\repository\org\rauschig\jarchivelib\1.0.0\jarchivelib-1.0.0.jar;C:\Users\Qualis Talent\.m2\repository\org\jsoup\jsoup\1.13.1\jsoup-1.13.1.jar;C:\Users\Qualis Talent\.m2\repository\org\apache\jmeter\ApacheJMeter_core\5.3\ApacheJMeter_core-5.3.jar;C:\Users\Qualis Talent\.m2\repository\org\apache\jmeter\ApacheJMeter\5.3\ApacheJMeter-5.3.jar;C:\Users\Qualis Talent\.m2\repository\org\apache\jmeter\jorphan\5.3\jorphan-5.3.jar;C:\Users\Qualis Talent\.m2\repository\bsf\bsf\2.4.0\bsf-2.4.0.jar;C:\Users\Qualis Talent\.m2\repository\commons-logging\commons-logging\1.0.4\commons-logging-1.0.4.jar;C:\Users\Qualis Talent\.m2\repository\com\fifesoft\rsyntaxtextarea\3.1.0\rsyntaxtextarea-3.1.0.jar;C:\Users\Qualis Talent\.m2\repository\net\sf\jtidy\jtidy\r938\jtidy-r938.jar;C:\Users\Qualis Talent\.m2\repository\com\thoughtworks\xstream\xstream\1.4.11.1\xstream-1.4.11.1.jar;C:\Users\Qualis Talent\.m2\repository\xmlpull\xmlpull\1.1.3.1\xmlpull-1.1.3.1.jar;C:\Users\Qualis Talent\.m2\repository\xpp3\xpp3_min\1.1.4c\xpp3_min-1.1.4c.jar;C:\Users\Qualis Talent\.m2\repository\org\apache\logging\log4j\log4j-1.2-api\2.13.1\log4j-1.2-api-2.13.1.jar;C:\Users\Qualis Talent\.m2\repository\org\apache\logging\log4j\log4j-api\2.13.1\log4j-api-2.13.1.jar;C:\Users\Qualis Talent\.m2\repository\org\apache\logging\log4j\log4j-core\2.13.1\log4j-core-2.13.1.jar;C:\Users\Qualis Talent\.m2\repository\org\apache\logging\log4j\log4j-slf4j-impl\2.13.1\log4j-slf4j-impl-2.13.1.jar;C:\Users\Qualis Talent\.m2\repository\org\apiguardian\apiguardian-api\1.1.0\apiguardian-api-1.1.0.jar;C:\Users\Qualis Talent\.m2\repository\oro\oro\2.0.8\oro-2.0.8.jar;C:\Users\Qualis Talent\.m2\repository\xalan\xalan\2.7.2\xalan-2.7.2.jar;C:\Users\Qualis Talent\.m2\repository\xalan\serializer\2.7.2\serializer-2.7.2.jar;C:\Users\Qualis Talent\.m2\repository\net\sf\saxon\Saxon-HE\9.9.1-7\Saxon-HE-9.9.1-7.jar;C:\Users\Qualis Talent\.m2\repository\com\fasterxml\jackson\core\jackson-annotations\2.10.3\jackson-annotations-2.10.3.jar;C:\Users\Qualis Talent\.m2\repository\com\fasterxml\jackson\core\jackson-core\2.10.3\jackson-core-2.10.3.jar;C:\Users\Qualis Talent\.m2\repository\com\fasterxml\jackson\core\jackson-databind\2.10.3\jackson-databind-2.10.3.jar;C:\Users\Qualis Talent\.m2\repository\com\formdev\svgSalamander\1.1.2.1\svgSalamander-1.1.2.1.jar;C:\Users\Qualis Talent\.m2\repository\com\github\ben-manes\caffeine\caffeine\2.8.0\caffeine-2.8.0.jar;C:\Users\Qualis Talent\.m2\repository\org\checkerframework\checker-qual\2.10.0\checker-qual-2.10.0.jar;C:\Users\Qualis Talent\.m2\repository\com\github\weisj\darklaf-core\2.1.1\darklaf-core-2.1.1.jar;C:\Users\Qualis Talent\.m2\repository\com\github\weisj\darklaf-native-utils\2.1.1\darklaf-native-utils-2.1.1.jar;C:\Users\Qualis Talent\.m2\repository\com\github\weisj\darklaf-utils\2.1.1\darklaf-utils-2.1.1.jar;C:\Users\Qualis Talent\.m2\repository\com\github\weisj\darklaf-platform-base\2.1.1\darklaf-platform-base-2.1.1.jar;C:\Users\Qualis Talent\.m2\repository\com\github\weisj\darklaf-windows\2.1.1\darklaf-windows-2.1.1.jar;C:\Users\Qualis Talent\.m2\repository\net\java\dev\jna\jna\5.5.0\jna-5.5.0.jar;C:\Users\Qualis Talent\.m2\repository\com\github\weisj\darklaf-macos\2.1.1\darklaf-macos-2.1.1.jar;C:\Users\Qualis Talent\.m2\repository\org\swinglabs\jxlayer\3.0.4\jxlayer-3.0.4.jar;C:\Users\Qualis Talent\.m2\repository\com\github\weisj\darklaf-theme\2.1.1\darklaf-theme-2.1.1.jar;C:\Users\Qualis Talent\.m2\repository\com\github\weisj\darklaf-property-loader\2.1.1\darklaf-property-loader-2.1.1.jar;C:\Users\Qualis Talent\.m2\repository\com\miglayout\miglayout-swing\5.2\miglayout-swing-5.2.jar;C:\Users\Qualis Talent\.m2\repository\com\miglayout\miglayout-core\5.2\miglayout-core-5.2.jar;C:\Users\Qualis Talent\.m2\repository\commons-collections\commons-collections\3.2.2\commons-collections-3.2.2.jar;C:\Users\Qualis Talent\.m2\repository\org\apache\commons\commons-text\1.8\commons-text-1.8.jar;C:\Users\Qualis Talent\.m2\repository\org\apache\tika\tika-core\1.24.1\tika-core-1.24.1.jar;C:\Users\Qualis Talent\.m2\repository\org\apache\xmlgraphics\xmlgraphics-commons\2.3\xmlgraphics-commons-2.3.jar;C:\Users\Qualis Talent\.m2\repository\org\freemarker\freemarker\2.3.30\freemarker-2.3.30.jar;C:\Users\Qualis Talent\.m2\repository\org\jodd\jodd-core\5.0.13\jodd-core-5.0.13.jar;C:\Users\Qualis Talent\.m2\repository\org\jodd\jodd-props\5.0.13\jodd-props-5.0.13.jar;C:\Users\Qualis Talent\.m2\repository\org\mozilla\rhino\1.7.12\rhino-1.7.12.jar;C:\Users\Qualis Talent\.m2\repository\org\slf4j\jcl-over-slf4j\1.7.30\jcl-over-slf4j-1.7.30.jar;C:\Users\Qualis Talent\.m2\repository\org\codehaus\groovy\groovy\3.0.3\groovy-3.0.3.jar;C:\Users\Qualis Talent\.m2\repository\org\codehaus\groovy\groovy-datetime\3.0.3\groovy-datetime-3.0.3.jar;C:\Users\Qualis Talent\.m2\repository\org\codehaus\groovy\groovy-jmx\3.0.3\groovy-jmx-3.0.3.jar;C:\Users\Qualis Talent\.m2\repository\org\codehaus\groovy\groovy-json\3.0.3\groovy-json-3.0.3.jar;C:\Users\Qualis Talent\.m2\repository\org\codehaus\groovy\groovy-jsr223\3.0.3\groovy-jsr223-3.0.3.jar;C:\Users\Qualis Talent\.m2\repository\org\codehaus\groovy\groovy-sql\3.0.3\groovy-sql-3.0.3.jar;C:\Users\Qualis Talent\.m2\repository\org\codehaus\groovy\groovy-templates\3.0.3\groovy-templates-3.0.3.jar;C:\Users\Qualis Talent\.m2\repository\org\codehaus\groovy\groovy-xml\3.0.3\groovy-xml-3.0.3.jar;C:\Users\Qualis Talent\.m2\repository\org\apache\tika\tika-parsers\1.24.1\tika-parsers-1.24.1.jar;C:\Users\Qualis Talent\.m2\repository\xerces\xercesImpl\2.12.0\xercesImpl-2.12.0.jar;C:\Users\Qualis Talent\.m2\repository\xml-apis\xml-apis\1.4.01\xml-apis-1.4.01.jar;C:\Users\Qualis Talent\.m2\repository\org\apache\jmeter\ApacheJMeter_http\5.3\ApacheJMeter_http-5.3.jar;C:\Users\Qualis Talent\.m2\repository\org\apache\jmeter\ApacheJMeter_components\5.3\ApacheJMeter_components-5.3.jar;C:\Users\Qualis Talent\.m2\repository\org\apache-extras\beanshell\bsh\2.0b6\bsh-2.0b6.jar;C:\Users\Qualis Talent\.m2\repository\javax\mail\mail\1.5.0-b01\mail-1.5.0-b01.jar;C:\Users\Qualis Talent\.m2\repository\io\burt\jmespath-core\0.5.0\jmespath-core-0.5.0.jar;C:\Users\Qualis Talent\.m2\repository\io\burt\jmespath-jackson\0.5.0\jmespath-jackson-0.5.0.jar;C:\Users\Qualis Talent\.m2\repository\jcharts\jcharts\0.7.5\jcharts-0.7.5.jar;C:\Users\Qualis Talent\.m2\repository\net\minidev\json-smart\2.3\json-smart-2.3.jar;C:\Users\Qualis Talent\.m2\repository\net\minidev\accessors-smart\1.2\accessors-smart-1.2.jar;C:\Users\Qualis Talent\.m2\repository\org\apache\commons\commons-pool2\2.8.0\commons-pool2-2.8.0.jar;C:\Users\Qualis Talent\.m2\repository\org\ow2\asm\asm\7.3.1\asm-7.3.1.jar;C:\Users\Qualis Talent\.m2\repository\org\jodd\jodd-log\5.0.13\jodd-log-5.0.13.jar;C:\Users\Qualis Talent\.m2\repository\com\jayway\jsonpath\json-path\2.4.0\json-path-2.4.0.jar;C:\Users\Qualis Talent\.m2\repository\org\apache\httpcomponents\httpasyncclient\4.1.4\httpasyncclient-4.1.4.jar;C:\Users\Qualis Talent\.m2\repository\org\apache\httpcomponents\httpcore-nio\4.4.13\httpcore-nio-4.4.13.jar;C:\Users\Qualis Talent\.m2\repository\com\sun\activation\javax.activation\1.2.0\javax.activation-1.2.0.jar;C:\Users\Qualis Talent\.m2\repository\org\jodd\jodd-lagarto\5.0.13\jodd-lagarto-5.0.13.jar;C:\Users\Qualis Talent\.m2\repository\commons-net\commons-net\3.6\commons-net-3.6.jar;C:\Users\Qualis Talent\.m2\repository\com\helger\ph-commons\9.4.1\ph-commons-9.4.1.jar;C:\Users\Qualis Talent\.m2\repository\com\helger\ph-css\6.2.2\ph-css-6.2.2.jar;C:\Users\Qualis Talent\.m2\repository\dnsjava\dnsjava\2.1.9\dnsjava-2.1.9.jar;C:\Users\Qualis Talent\.m2\repository\org\apache\httpcomponents\httpmime\4.5.12\httpmime-4.5.12.jar;C:\Users\Qualis Talent\.m2\repository\org\apache\httpcomponents\httpclient\4.5.12\httpclient-4.5.12.jar;C:\Users\Qualis Talent\.m2\repository\org\apache\httpcomponents\httpcore\4.4.13\httpcore-4.4.13.jar;C:\Users\Qualis Talent\.m2\repository\org\brotli\dec\0.1.2\dec-0.1.2.jar;C:\Users\Qualis Talent\.m2\repository\org\junit\jupiter\junit-jupiter\5.6.2\junit-jupiter-5.6.2.jar;C:\Users\Qualis Talent\.m2\repository\org\junit\jupiter\junit-jupiter-api\5.6.2\junit-jupiter-api-5.6.2.jar;C:\Users\Qualis Talent\.m2\repository\org\opentest4j\opentest4j\1.2.0\opentest4j-1.2.0.jar;C:\Users\Qualis Talent\.m2\repository\org\junit\platform\junit-platform-commons\1.6.2\junit-platform-commons-1.6.2.jar;C:\Users\Qualis Talent\.m2\repository\org\junit\jupiter\junit-jupiter-params\5.6.2\junit-jupiter-params-5.6.2.jar;C:\Users\Qualis Talent\.m2\repository\org\junit\jupiter\junit-jupiter-engine\5.6.2\junit-jupiter-engine-5.6.2.jar;C:\Users\Qualis Talent\.m2\repository\org\junit\platform\junit-platform-engine\1.6.2\junit-platform-engine-1.6.2.jar;C:\Users\Qualis Talent\eclipse-workspace\DemoFer\Resources\Driver\CentaJavaCore.jar;"/>
    <property name="sun.cpu.endian" value="little"/>
    <property name="user.home" value="C:\Users\Qualis Talent"/>
    <property name="user.language" value="es"/>
    <property name="java.specification.vendor" value="Oracle Corporation"/>
    <property name="java.version.date" value="2021-01-19"/>
    <property name="java.home" value="C:\Program Files\Java\jdk-11.0.10"/>
    <property name="file.separator" value="\"/>
    <property name="basedir" value="C:\Users\Qualis Talent\eclipse-workspace\DemoFer"/>
    <property name="java.vm.compressedOopsMode" value="32-bit"/>
    <property name="line.separator" value="&#10;"/>
    <property name="java.specification.name" value="Java Platform API Specification"/>
    <property name="java.vm.specification.vendor" value="Oracle Corporation"/>
    <property name="java.awt.graphicsenv" value="sun.awt.Win32GraphicsEnvironment"/>
    <property name="surefire.real.class.path" value="C:\Users\Qualis Talent\AppData\Local\Temp\surefire1900723051188300099\surefirebooter7237815876218228395.jar"/>
    <property name="user.script" value=""/>
    <property name="sun.management.compiler" value="HotSpot 64-Bit Tiered Compilers"/>
    <property name="java.runtime.version" value="11.0.10+8-LTS-162"/>
    <property name="user.name" value="Luciano Copado"/>
    <property name="path.separator" value=";"/>
    <property name="os.version" value="10.0"/>
    <property name="java.runtime.name" value="Java(TM) SE Runtime Environment"/>
    <property name="file.encoding" value="Cp1252"/>
    <property name="java.vm.name" value="Java HotSpot(TM) 64-Bit Server VM"/>
    <property name="java.vendor.version" value="18.9"/>
    <property name="localRepository" value="C:\Users\Qualis Talent\.m2\repository"/>
    <property name="java.vendor.url.bug" value="https://bugreport.java.com/bugreport/"/>
    <property name="java.io.tmpdir" value="C:\Users\QUALIS~2\AppData\Local\Temp\"/>
    <property name="java.version" value="11.0.10"/>
    <property name="user.dir" value="C:\Users\Qualis Talent\eclipse-workspace\DemoFer"/>
    <property name="os.arch" value="amd64"/>
    <property name="groups" value="TestCase4"/>
    <property name="java.vm.specification.name" value="Java Virtual Machine Specification"/>
    <property name="java.awt.printerjob" value="sun.awt.windows.WPrinterJob"/>
    <property name="sun.os.patch.level" value=""/>
    <property name="java.library.path" value="C:\Program Files\Java\jdk-11.0.10\bin;C:\windows\Sun\Java\bin;C:\windows\system32;C:\windows;C:\Program Files\Common Files\Oracle\Java\javapath;C:\windows\system32;C:\windows;C:\windows\System32\Wbem;C:\windows\System32\WindowsPowerShell\v1.0\;C:\windows\System32\OpenSSH\;C:\Program Files\apache-maven-3.8.3\bin;C:\Program Files\Java\jdk-11.0.10\bin;C:\Program Files\Microsoft SQL Server\Client SDK\ODBC\170\Tools\Binn\;C:\Program Files (x86)\Microsoft SQL Server\150\Tools\Binn\;C:\Program Files\Microsoft SQL Server\150\Tools\Binn\;C:\Program Files\Microsoft SQL Server\150\DTS\Binn\;C:\Users\Qualis Talent\AppData\Local\Microsoft\WindowsApps;C:\Users\Qualis Talent\AppData\Local\Programs\Microsoft VS Code\bin;C:\Users\Qualis Talent\AppData\Local\Programs\Azure Data Studio\bin;."/>
    <property name="java.vendor" value="Oracle Corporation"/>
    <property name="java.vm.info" value="mixed mode"/>
    <property name="java.vm.version" value="11.0.10+8-LTS-162"/>
    <property name="sun.io.unicode.encoding" value="UnicodeLittle"/>
    <property name="java.class.version" value="55.0"/>
  </properties>
  <testcase name="TC4" classname="TestSuites.Example_TestTypeFullTest" time="23.441"/>
</testsuite>